<?xml version="1.0" encoding="UTF-8"?>
<testsuite name="RecommendationControllerTest" tests="6" skipped="0" failures="0" errors="0" timestamp="2022-03-12T11:51:33" hostname="DRACIE-CU-CUREN" time="0.461">
  <properties/>
  <testcase name="deleteRecommendationSuccess()" classname="RecommendationControllerTest" time="0.232"/>
  <testcase name="putRecommendationSuccess()" classname="RecommendationControllerTest" time="0.157"/>
  <testcase name="getAllRecommendationsForProductSuccess()" classname="RecommendationControllerTest" time="0.033"/>
  <testcase name="postRecommendationSuccess()" classname="RecommendationControllerTest" time="0.012"/>
  <testcase name="getAllRecommendationsSuccess()" classname="RecommendationControllerTest" time="0.01"/>
  <testcase name="getRecommendationByIDSuccess()" classname="RecommendationControllerTest" time="0.01"/>
  <system-out><![CDATA[13:51:29.857 [Test worker] DEBUG org.springframework.test.context.BootstrapUtils - Instantiating CacheAwareContextLoaderDelegate from class [org.springframework.test.context.cache.DefaultCacheAwareContextLoaderDelegate]
13:51:29.889 [Test worker] DEBUG org.springframework.test.context.BootstrapUtils - Instantiating BootstrapContext using constructor [public org.springframework.test.context.support.DefaultBootstrapContext(java.lang.Class,org.springframework.test.context.CacheAwareContextLoaderDelegate)]
13:51:29.976 [Test worker] DEBUG org.springframework.test.context.BootstrapUtils - Instantiating TestContextBootstrapper for test class [RecommendationControllerTest] from class [org.springframework.boot.test.autoconfigure.web.reactive.WebFluxTestContextBootstrapper]
13:51:30.010 [Test worker] DEBUG org.springframework.test.context.support.AbstractContextLoader - Did not detect default resource location for test class [RecommendationControllerTest]: class path resource [RecommendationControllerTest-context.xml] does not exist
13:51:30.011 [Test worker] DEBUG org.springframework.test.context.support.AbstractContextLoader - Did not detect default resource location for test class [RecommendationControllerTest]: class path resource [RecommendationControllerTestContext.groovy] does not exist
13:51:30.011 [Test worker] INFO org.springframework.test.context.support.AbstractContextLoader - Could not detect default resource locations for test class [RecommendationControllerTest]: no resource found for suffixes {-context.xml, Context.groovy}.
13:51:30.143 [Test worker] DEBUG org.springframework.test.context.support.ActiveProfilesUtils - Could not find an 'annotation declaring class' for annotation type [org.springframework.test.context.ActiveProfiles] and class [RecommendationControllerTest]
13:51:30.195 [Test worker] DEBUG org.springframework.boot.test.autoconfigure.web.reactive.WebFluxTestContextBootstrapper - @TestExecutionListeners is not present for class [RecommendationControllerTest]: using defaults.
13:51:30.196 [Test worker] INFO org.springframework.boot.test.autoconfigure.web.reactive.WebFluxTestContextBootstrapper - Loaded default TestExecutionListener class names from location [META-INF/spring.factories]: [org.springframework.boot.test.autoconfigure.restdocs.RestDocsTestExecutionListener, org.springframework.boot.test.autoconfigure.web.client.MockRestServiceServerResetTestExecutionListener, org.springframework.boot.test.autoconfigure.web.servlet.MockMvcPrintOnlyOnFailureTestExecutionListener, org.springframework.boot.test.autoconfigure.web.servlet.WebDriverTestExecutionListener, org.springframework.boot.test.autoconfigure.webservices.client.MockWebServiceServerTestExecutionListener, org.springframework.boot.test.mock.mockito.MockitoTestExecutionListener, org.springframework.boot.test.mock.mockito.ResetMocksTestExecutionListener, org.springframework.test.context.web.ServletTestExecutionListener, org.springframework.test.context.support.DirtiesContextBeforeModesTestExecutionListener, org.springframework.test.context.event.ApplicationEventsTestExecutionListener, org.springframework.test.context.support.DependencyInjectionTestExecutionListener, org.springframework.test.context.support.DirtiesContextTestExecutionListener, org.springframework.test.context.transaction.TransactionalTestExecutionListener, org.springframework.test.context.jdbc.SqlScriptsTestExecutionListener, org.springframework.test.context.event.EventPublishingTestExecutionListener]
13:51:30.232 [Test worker] INFO org.springframework.boot.test.autoconfigure.web.reactive.WebFluxTestContextBootstrapper - Using TestExecutionListeners: [org.springframework.test.context.web.ServletTestExecutionListener@1ffbc057, org.springframework.test.context.support.DirtiesContextBeforeModesTestExecutionListener@cfeb41c, org.springframework.test.context.event.ApplicationEventsTestExecutionListener@4847c3, org.springframework.boot.test.mock.mockito.MockitoTestExecutionListener@5041fce7, org.springframework.boot.test.autoconfigure.SpringBootDependencyInjectionTestExecutionListener@117977c0, org.springframework.test.context.support.DirtiesContextTestExecutionListener@685e6fa7, org.springframework.test.context.transaction.TransactionalTestExecutionListener@2a6a5b30, org.springframework.test.context.jdbc.SqlScriptsTestExecutionListener@75932c5e, org.springframework.test.context.event.EventPublishingTestExecutionListener@2f0e825b, org.springframework.boot.test.autoconfigure.restdocs.RestDocsTestExecutionListener@3436e34a, org.springframework.boot.test.autoconfigure.web.client.MockRestServiceServerResetTestExecutionListener@4c7d9d27, org.springframework.boot.test.autoconfigure.web.servlet.MockMvcPrintOnlyOnFailureTestExecutionListener@20e0b92a, org.springframework.boot.test.autoconfigure.web.servlet.WebDriverTestExecutionListener@7b27fb37, org.springframework.boot.test.autoconfigure.webservices.client.MockWebServiceServerTestExecutionListener@78087baa, org.springframework.boot.test.mock.mockito.ResetMocksTestExecutionListener@583c5529]
13:51:30.238 [Test worker] DEBUG org.springframework.test.context.support.AbstractDirtiesContextTestExecutionListener - Before test class: context [DefaultTestContext@762d57cf testClass = RecommendationControllerTest, testInstance = [null], testMethod = [null], testException = [null], mergedContextConfiguration = [ReactiveWebMergedContextConfiguration@1fb79373 testClass = RecommendationControllerTest, locations = '{}', classes = '{class hcl.poc.recommendationservice.RecommendationServiceApplication}', contextInitializerClasses = '[]', activeProfiles = '{}', propertySourceLocations = '{}', propertySourceProperties = '{org.springframework.boot.test.autoconfigure.web.reactive.WebFluxTestContextBootstrapper=true}', contextCustomizers = set[org.springframework.boot.test.autoconfigure.OverrideAutoConfigurationContextCustomizerFactory$DisableAutoConfigurationContextCustomizer@5e501635, org.springframework.boot.test.autoconfigure.actuate.metrics.MetricsExportContextCustomizerFactory$DisableMetricExportContextCustomizer@500d4eba, org.springframework.boot.test.autoconfigure.filter.TypeExcludeFiltersContextCustomizer@e38cba2e, org.springframework.boot.test.autoconfigure.properties.PropertyMappingContextCustomizer@70f389ca, org.springframework.boot.test.autoconfigure.web.servlet.WebDriverContextCustomizerFactory$Customizer@a510b4c, [ImportsContextCustomizer@a1ae1fe key = [org.springframework.boot.autoconfigure.cache.CacheAutoConfiguration, org.springframework.boot.autoconfigure.gson.GsonAutoConfiguration, org.springframework.boot.autoconfigure.jackson.JacksonAutoConfiguration, org.springframework.boot.autoconfigure.jsonb.JsonbAutoConfiguration, org.springframework.boot.autoconfigure.context.MessageSourceAutoConfiguration, org.springframework.boot.autoconfigure.freemarker.FreeMarkerAutoConfiguration, org.springframework.boot.autoconfigure.http.codec.CodecsAutoConfiguration, org.springframework.boot.autoconfigure.mustache.MustacheAutoConfiguration, org.springframework.boot.autoconfigure.thymeleaf.ThymeleafAutoConfiguration, org.springframework.boot.autoconfigure.validation.ValidationAutoConfiguration, org.springframework.boot.autoconfigure.web.reactive.WebFluxAutoConfiguration, org.springframework.boot.autoconfigure.web.reactive.error.ErrorWebFluxAutoConfiguration, org.springframework.boot.autoconfigure.security.oauth2.client.reactive.ReactiveOAuth2ClientAutoConfiguration, org.springframework.boot.autoconfigure.security.oauth2.resource.reactive.ReactiveOAuth2ResourceServerAutoConfiguration, org.springframework.boot.autoconfigure.security.reactive.ReactiveSecurityAutoConfiguration, org.springframework.boot.autoconfigure.security.reactive.ReactiveUserDetailsServiceAutoConfiguration, org.springframework.boot.test.autoconfigure.web.reactive.WebTestClientAutoConfiguration]], org.springframework.boot.test.context.filter.ExcludeFilterContextCustomizer@1572385d, org.springframework.boot.test.json.DuplicateJsonObjectContextCustomizerFactory$DuplicateJsonObjectContextCustomizer@276a8255, org.springframework.boot.test.mock.mockito.MockitoContextCustomizer@bc546e6f, org.springframework.boot.test.context.SpringBootTestArgs@1, org.springframework.boot.test.context.SpringBootTestWebEnvironment@0], contextLoader = 'org.springframework.boot.test.context.SpringBootContextLoader', parent = [null]], attributes = map[[empty]]], class annotated with @DirtiesContext [false] with mode [null].

  .   ____          _            __ _ _
 /\\ / ___'_ __ _ _(_)_ __  __ _ \ \ \ \
( ( )\___ | '_ | '_| | '_ \/ _` | \ \ \ \
 \\/  ___)| |_)| | | | | || (_| |  ) ) ) )
  '  |____| .__|_| |_|_| |_\__, | / / / /
 =========|_|==============|___/=/_/_/_/
 :: Spring Boot ::                (v2.6.3)

2022-03-12 13:51:31.049  INFO 20028 --- [    Test worker] RecommendationControllerTest             : Starting RecommendationControllerTest using Java 11.0.13 on Dracie-cu-Curent with PID 20028 (started by tanas in F:\HCL\POC\poc_repo\microservices\recommendationService)
2022-03-12 13:51:31.050  INFO 20028 --- [    Test worker] RecommendationControllerTest             : No active profile set, falling back to default profiles: default
2022-03-12 13:51:33.704  INFO 20028 --- [    Test worker] RecommendationControllerTest             : Started RecommendationControllerTest in 3.373 seconds (JVM running for 5.791)
]]></system-out>
  <system-err><![CDATA[]]></system-err>
</testsuite>
