<?xml version="1.0" encoding="UTF-8"?>
<testsuite name="ReviewControllerTest" tests="6" skipped="0" failures="0" errors="0" timestamp="2022-03-13T14:58:22" hostname="DRACIE-CU-CUREN" time="0.483">
  <properties/>
  <testcase name="getReviewByIDSuccess()" classname="ReviewControllerTest" time="0.384"/>
  <testcase name="deleteReviewSuccess()" classname="ReviewControllerTest" time="0.019"/>
  <testcase name="postReviewSuccess()" classname="ReviewControllerTest" time="0.018"/>
  <testcase name="getAllReviewsSuccess()" classname="ReviewControllerTest" time="0.032"/>
  <testcase name="putReviewSuccess()" classname="ReviewControllerTest" time="0.01"/>
  <testcase name="getAllReviewsForProductSuccess()" classname="ReviewControllerTest" time="0.012"/>
  <system-out><![CDATA[16:58:19.029 [Test worker] DEBUG org.springframework.test.context.BootstrapUtils - Instantiating CacheAwareContextLoaderDelegate from class [org.springframework.test.context.cache.DefaultCacheAwareContextLoaderDelegate]
16:58:19.058 [Test worker] DEBUG org.springframework.test.context.BootstrapUtils - Instantiating BootstrapContext using constructor [public org.springframework.test.context.support.DefaultBootstrapContext(java.lang.Class,org.springframework.test.context.CacheAwareContextLoaderDelegate)]
16:58:19.139 [Test worker] DEBUG org.springframework.test.context.BootstrapUtils - Instantiating TestContextBootstrapper for test class [ReviewControllerTest] from class [org.springframework.boot.test.autoconfigure.web.reactive.WebFluxTestContextBootstrapper]
16:58:19.173 [Test worker] DEBUG org.springframework.test.context.support.AbstractContextLoader - Did not detect default resource location for test class [ReviewControllerTest]: class path resource [ReviewControllerTest-context.xml] does not exist
16:58:19.174 [Test worker] DEBUG org.springframework.test.context.support.AbstractContextLoader - Did not detect default resource location for test class [ReviewControllerTest]: class path resource [ReviewControllerTestContext.groovy] does not exist
16:58:19.174 [Test worker] INFO org.springframework.test.context.support.AbstractContextLoader - Could not detect default resource locations for test class [ReviewControllerTest]: no resource found for suffixes {-context.xml, Context.groovy}.
16:58:19.292 [Test worker] DEBUG org.springframework.test.context.support.ActiveProfilesUtils - Could not find an 'annotation declaring class' for annotation type [org.springframework.test.context.ActiveProfiles] and class [ReviewControllerTest]
16:58:19.325 [Test worker] DEBUG org.springframework.boot.test.autoconfigure.web.reactive.WebFluxTestContextBootstrapper - @TestExecutionListeners is not present for class [ReviewControllerTest]: using defaults.
16:58:19.326 [Test worker] INFO org.springframework.boot.test.autoconfigure.web.reactive.WebFluxTestContextBootstrapper - Loaded default TestExecutionListener class names from location [META-INF/spring.factories]: [org.springframework.boot.test.autoconfigure.restdocs.RestDocsTestExecutionListener, org.springframework.boot.test.autoconfigure.web.client.MockRestServiceServerResetTestExecutionListener, org.springframework.boot.test.autoconfigure.web.servlet.MockMvcPrintOnlyOnFailureTestExecutionListener, org.springframework.boot.test.autoconfigure.web.servlet.WebDriverTestExecutionListener, org.springframework.boot.test.autoconfigure.webservices.client.MockWebServiceServerTestExecutionListener, org.springframework.boot.test.mock.mockito.MockitoTestExecutionListener, org.springframework.boot.test.mock.mockito.ResetMocksTestExecutionListener, org.springframework.test.context.web.ServletTestExecutionListener, org.springframework.test.context.support.DirtiesContextBeforeModesTestExecutionListener, org.springframework.test.context.event.ApplicationEventsTestExecutionListener, org.springframework.test.context.support.DependencyInjectionTestExecutionListener, org.springframework.test.context.support.DirtiesContextTestExecutionListener, org.springframework.test.context.transaction.TransactionalTestExecutionListener, org.springframework.test.context.jdbc.SqlScriptsTestExecutionListener, org.springframework.test.context.event.EventPublishingTestExecutionListener]
16:58:19.358 [Test worker] INFO org.springframework.boot.test.autoconfigure.web.reactive.WebFluxTestContextBootstrapper - Using TestExecutionListeners: [org.springframework.test.context.web.ServletTestExecutionListener@42415d6e, org.springframework.test.context.support.DirtiesContextBeforeModesTestExecutionListener@1a93b70b, org.springframework.test.context.event.ApplicationEventsTestExecutionListener@63570d0f, org.springframework.boot.test.mock.mockito.MockitoTestExecutionListener@5476b629, org.springframework.boot.test.autoconfigure.SpringBootDependencyInjectionTestExecutionListener@1c942be4, org.springframework.test.context.support.DirtiesContextTestExecutionListener@1b38fc92, org.springframework.test.context.transaction.TransactionalTestExecutionListener@405cb58f, org.springframework.test.context.jdbc.SqlScriptsTestExecutionListener@21fa8453, org.springframework.test.context.event.EventPublishingTestExecutionListener@1c0c4083, org.springframework.boot.test.autoconfigure.restdocs.RestDocsTestExecutionListener@400cf3fc, org.springframework.boot.test.autoconfigure.web.client.MockRestServiceServerResetTestExecutionListener@6559d6bf, org.springframework.boot.test.autoconfigure.web.servlet.MockMvcPrintOnlyOnFailureTestExecutionListener@10741e5b, org.springframework.boot.test.autoconfigure.web.servlet.WebDriverTestExecutionListener@6e025c8e, org.springframework.boot.test.autoconfigure.webservices.client.MockWebServiceServerTestExecutionListener@4936c1a1, org.springframework.boot.test.mock.mockito.ResetMocksTestExecutionListener@62710a16]
16:58:19.364 [Test worker] DEBUG org.springframework.test.context.support.AbstractDirtiesContextTestExecutionListener - Before test class: context [DefaultTestContext@582fa4d6 testClass = ReviewControllerTest, testInstance = [null], testMethod = [null], testException = [null], mergedContextConfiguration = [ReactiveWebMergedContextConfiguration@73c887f1 testClass = ReviewControllerTest, locations = '{}', classes = '{class hcl.poc.reviewservice.TestConfigClass}', contextInitializerClasses = '[]', activeProfiles = '{}', propertySourceLocations = '{}', propertySourceProperties = '{org.springframework.boot.test.autoconfigure.web.reactive.WebFluxTestContextBootstrapper=true}', contextCustomizers = set[org.springframework.boot.test.autoconfigure.OverrideAutoConfigurationContextCustomizerFactory$DisableAutoConfigurationContextCustomizer@75801e60, org.springframework.boot.test.autoconfigure.actuate.metrics.MetricsExportContextCustomizerFactory$DisableMetricExportContextCustomizer@1020f269, org.springframework.boot.test.autoconfigure.filter.TypeExcludeFiltersContextCustomizer@b4dfdfdb, org.springframework.boot.test.autoconfigure.properties.PropertyMappingContextCustomizer@a9a2d42e, org.springframework.boot.test.autoconfigure.web.servlet.WebDriverContextCustomizerFactory$Customizer@12bf194d, [ImportsContextCustomizer@e2a99d7 key = [org.springframework.boot.autoconfigure.cache.CacheAutoConfiguration, org.springframework.boot.autoconfigure.gson.GsonAutoConfiguration, org.springframework.boot.autoconfigure.jackson.JacksonAutoConfiguration, org.springframework.boot.autoconfigure.jsonb.JsonbAutoConfiguration, org.springframework.boot.autoconfigure.context.MessageSourceAutoConfiguration, org.springframework.boot.autoconfigure.freemarker.FreeMarkerAutoConfiguration, org.springframework.boot.autoconfigure.http.codec.CodecsAutoConfiguration, org.springframework.boot.autoconfigure.mustache.MustacheAutoConfiguration, org.springframework.boot.autoconfigure.thymeleaf.ThymeleafAutoConfiguration, org.springframework.boot.autoconfigure.validation.ValidationAutoConfiguration, org.springframework.boot.autoconfigure.web.reactive.WebFluxAutoConfiguration, org.springframework.boot.autoconfigure.web.reactive.error.ErrorWebFluxAutoConfiguration, org.springframework.boot.autoconfigure.security.oauth2.client.reactive.ReactiveOAuth2ClientAutoConfiguration, org.springframework.boot.autoconfigure.security.oauth2.resource.reactive.ReactiveOAuth2ResourceServerAutoConfiguration, org.springframework.boot.autoconfigure.security.reactive.ReactiveSecurityAutoConfiguration, org.springframework.boot.autoconfigure.security.reactive.ReactiveUserDetailsServiceAutoConfiguration, org.springframework.boot.test.autoconfigure.web.reactive.WebTestClientAutoConfiguration]], org.springframework.boot.test.context.filter.ExcludeFilterContextCustomizer@36d47c8b, org.springframework.boot.test.json.DuplicateJsonObjectContextCustomizerFactory$DuplicateJsonObjectContextCustomizer@76779fec, org.springframework.boot.test.mock.mockito.MockitoContextCustomizer@977a8f1b, org.springframework.boot.test.context.SpringBootTestArgs@1, org.springframework.boot.test.context.SpringBootTestWebEnvironment@0], contextLoader = 'org.springframework.boot.test.context.SpringBootContextLoader', parent = [null]], attributes = map[[empty]]], class annotated with @DirtiesContext [false] with mode [null].

  .   ____          _            __ _ _
 /\\ / ___'_ __ _ _(_)_ __  __ _ \ \ \ \
( ( )\___ | '_ | '_| | '_ \/ _` | \ \ \ \
 \\/  ___)| |_)| | | | | || (_| |  ) ) ) )
  '  |____| .__|_| |_|_| |_\__, | / / / /
 =========|_|==============|___/=/_/_/_/
 :: Spring Boot ::                (v2.6.3)

2022-03-13 16:58:20.222  INFO 9444 --- [    Test worker] ReviewControllerTest                     : Starting ReviewControllerTest using Java 11.0.13 on Dracie-cu-Curent with PID 9444 (started by tanas in F:\HCL\POC\poc_repo\microservices\reviewService)
2022-03-13 16:58:20.224  INFO 9444 --- [    Test worker] ReviewControllerTest                     : No active profile set, falling back to default profiles: default
2022-03-13 16:58:22.882  INFO 9444 --- [    Test worker] ReviewControllerTest                     : Started ReviewControllerTest in 3.418 seconds (JVM running for 5.825)
]]></system-out>
  <system-err><![CDATA[]]></system-err>
</testsuite>
