<?xml version="1.0" encoding="UTF-8"?>
<testsuite name="ProductCompositeControllerTest" tests="4" skipped="0" failures="0" errors="0" timestamp="2022-03-13T14:57:54" hostname="DRACIE-CU-CUREN" time="0.475">
  <properties/>
  <testcase name="getProductByIDSuccess()" classname="ProductCompositeControllerTest" time="0.403"/>
  <testcase name="postProductSuccesss()" classname="ProductCompositeControllerTest" time="0.025"/>
  <testcase name="getAllProductsSuccess()" classname="ProductCompositeControllerTest" time="0.031"/>
  <testcase name="deleteProductSuccess()" classname="ProductCompositeControllerTest" time="0.011"/>
  <system-out><![CDATA[16:57:51.108 [Test worker] DEBUG org.springframework.test.context.BootstrapUtils - Instantiating CacheAwareContextLoaderDelegate from class [org.springframework.test.context.cache.DefaultCacheAwareContextLoaderDelegate]
16:57:51.138 [Test worker] DEBUG org.springframework.test.context.BootstrapUtils - Instantiating BootstrapContext using constructor [public org.springframework.test.context.support.DefaultBootstrapContext(java.lang.Class,org.springframework.test.context.CacheAwareContextLoaderDelegate)]
16:57:51.223 [Test worker] DEBUG org.springframework.test.context.BootstrapUtils - Instantiating TestContextBootstrapper for test class [ProductCompositeControllerTest] from class [org.springframework.boot.test.autoconfigure.web.reactive.WebFluxTestContextBootstrapper]
16:57:51.258 [Test worker] DEBUG org.springframework.test.context.support.AbstractContextLoader - Did not detect default resource location for test class [ProductCompositeControllerTest]: class path resource [ProductCompositeControllerTest-context.xml] does not exist
16:57:51.258 [Test worker] DEBUG org.springframework.test.context.support.AbstractContextLoader - Did not detect default resource location for test class [ProductCompositeControllerTest]: class path resource [ProductCompositeControllerTestContext.groovy] does not exist
16:57:51.258 [Test worker] INFO org.springframework.test.context.support.AbstractContextLoader - Could not detect default resource locations for test class [ProductCompositeControllerTest]: no resource found for suffixes {-context.xml, Context.groovy}.
16:57:51.396 [Test worker] DEBUG org.springframework.test.context.support.ActiveProfilesUtils - Could not find an 'annotation declaring class' for annotation type [org.springframework.test.context.ActiveProfiles] and class [ProductCompositeControllerTest]
16:57:51.418 [Test worker] DEBUG org.springframework.boot.test.autoconfigure.web.reactive.WebFluxTestContextBootstrapper - @TestExecutionListeners is not present for class [ProductCompositeControllerTest]: using defaults.
16:57:51.419 [Test worker] INFO org.springframework.boot.test.autoconfigure.web.reactive.WebFluxTestContextBootstrapper - Loaded default TestExecutionListener class names from location [META-INF/spring.factories]: [org.springframework.boot.test.autoconfigure.restdocs.RestDocsTestExecutionListener, org.springframework.boot.test.autoconfigure.web.client.MockRestServiceServerResetTestExecutionListener, org.springframework.boot.test.autoconfigure.web.servlet.MockMvcPrintOnlyOnFailureTestExecutionListener, org.springframework.boot.test.autoconfigure.web.servlet.WebDriverTestExecutionListener, org.springframework.boot.test.autoconfigure.webservices.client.MockWebServiceServerTestExecutionListener, org.springframework.boot.test.mock.mockito.MockitoTestExecutionListener, org.springframework.boot.test.mock.mockito.ResetMocksTestExecutionListener, org.springframework.test.context.web.ServletTestExecutionListener, org.springframework.test.context.support.DirtiesContextBeforeModesTestExecutionListener, org.springframework.test.context.event.ApplicationEventsTestExecutionListener, org.springframework.test.context.support.DependencyInjectionTestExecutionListener, org.springframework.test.context.support.DirtiesContextTestExecutionListener, org.springframework.test.context.transaction.TransactionalTestExecutionListener, org.springframework.test.context.jdbc.SqlScriptsTestExecutionListener, org.springframework.test.context.event.EventPublishingTestExecutionListener]
16:57:51.441 [Test worker] DEBUG org.springframework.boot.test.autoconfigure.web.reactive.WebFluxTestContextBootstrapper - Skipping candidate TestExecutionListener [org.springframework.test.context.transaction.TransactionalTestExecutionListener] due to a missing dependency. Specify custom listener classes or make the default listener classes and their required dependencies available. Offending class: [org/springframework/transaction/interceptor/TransactionAttributeSource]
16:57:51.442 [Test worker] DEBUG org.springframework.boot.test.autoconfigure.web.reactive.WebFluxTestContextBootstrapper - Skipping candidate TestExecutionListener [org.springframework.test.context.jdbc.SqlScriptsTestExecutionListener] due to a missing dependency. Specify custom listener classes or make the default listener classes and their required dependencies available. Offending class: [org/springframework/transaction/interceptor/TransactionAttribute]
16:57:51.442 [Test worker] INFO org.springframework.boot.test.autoconfigure.web.reactive.WebFluxTestContextBootstrapper - Using TestExecutionListeners: [org.springframework.test.context.web.ServletTestExecutionListener@165cfd8b, org.springframework.test.context.support.DirtiesContextBeforeModesTestExecutionListener@8ba0588, org.springframework.test.context.event.ApplicationEventsTestExecutionListener@1ad0b6c0, org.springframework.boot.test.mock.mockito.MockitoTestExecutionListener@76f713e7, org.springframework.boot.test.autoconfigure.SpringBootDependencyInjectionTestExecutionListener@7360817, org.springframework.test.context.support.DirtiesContextTestExecutionListener@5ff8db3c, org.springframework.test.context.event.EventPublishingTestExecutionListener@408100b5, org.springframework.boot.test.autoconfigure.restdocs.RestDocsTestExecutionListener@e274b69, org.springframework.boot.test.autoconfigure.web.client.MockRestServiceServerResetTestExecutionListener@39e69c0a, org.springframework.boot.test.autoconfigure.web.servlet.MockMvcPrintOnlyOnFailureTestExecutionListener@205e8131, org.springframework.boot.test.autoconfigure.web.servlet.WebDriverTestExecutionListener@6892b927, org.springframework.boot.test.autoconfigure.webservices.client.MockWebServiceServerTestExecutionListener@5c5adb5f, org.springframework.boot.test.mock.mockito.ResetMocksTestExecutionListener@51511a12]
16:57:51.450 [Test worker] DEBUG org.springframework.test.context.support.AbstractDirtiesContextTestExecutionListener - Before test class: context [DefaultTestContext@10e64165 testClass = ProductCompositeControllerTest, testInstance = [null], testMethod = [null], testException = [null], mergedContextConfiguration = [ReactiveWebMergedContextConfiguration@1d5ef206 testClass = ProductCompositeControllerTest, locations = '{}', classes = '{class hcl.poc.productcompositeservice.ProductCompositeServiceApplication}', contextInitializerClasses = '[]', activeProfiles = '{}', propertySourceLocations = '{}', propertySourceProperties = '{org.springframework.boot.test.autoconfigure.web.reactive.WebFluxTestContextBootstrapper=true}', contextCustomizers = set[org.springframework.boot.test.autoconfigure.OverrideAutoConfigurationContextCustomizerFactory$DisableAutoConfigurationContextCustomizer@3c438cf5, org.springframework.boot.test.autoconfigure.actuate.metrics.MetricsExportContextCustomizerFactory$DisableMetricExportContextCustomizer@5e8e48bd, org.springframework.boot.test.autoconfigure.filter.TypeExcludeFiltersContextCustomizer@98d73fe, org.springframework.boot.test.autoconfigure.properties.PropertyMappingContextCustomizer@c1bf6778, org.springframework.boot.test.autoconfigure.web.servlet.WebDriverContextCustomizerFactory$Customizer@1720b4e6, [ImportsContextCustomizer@61fa150a key = [org.springframework.boot.autoconfigure.cache.CacheAutoConfiguration, org.springframework.boot.autoconfigure.gson.GsonAutoConfiguration, org.springframework.boot.autoconfigure.jackson.JacksonAutoConfiguration, org.springframework.boot.autoconfigure.jsonb.JsonbAutoConfiguration, org.springframework.boot.autoconfigure.context.MessageSourceAutoConfiguration, org.springframework.boot.autoconfigure.freemarker.FreeMarkerAutoConfiguration, org.springframework.boot.autoconfigure.http.codec.CodecsAutoConfiguration, org.springframework.boot.autoconfigure.mustache.MustacheAutoConfiguration, org.springframework.boot.autoconfigure.thymeleaf.ThymeleafAutoConfiguration, org.springframework.boot.autoconfigure.validation.ValidationAutoConfiguration, org.springframework.boot.autoconfigure.web.reactive.WebFluxAutoConfiguration, org.springframework.boot.autoconfigure.web.reactive.error.ErrorWebFluxAutoConfiguration, org.springframework.boot.autoconfigure.security.oauth2.client.reactive.ReactiveOAuth2ClientAutoConfiguration, org.springframework.boot.autoconfigure.security.oauth2.resource.reactive.ReactiveOAuth2ResourceServerAutoConfiguration, org.springframework.boot.autoconfigure.security.reactive.ReactiveSecurityAutoConfiguration, org.springframework.boot.autoconfigure.security.reactive.ReactiveUserDetailsServiceAutoConfiguration, org.springframework.boot.test.autoconfigure.web.reactive.WebTestClientAutoConfiguration]], org.springframework.boot.test.context.filter.ExcludeFilterContextCustomizer@3609384, org.springframework.boot.test.json.DuplicateJsonObjectContextCustomizerFactory$DuplicateJsonObjectContextCustomizer@5bfb3138, org.springframework.boot.test.mock.mockito.MockitoContextCustomizer@80392929, org.springframework.boot.test.context.SpringBootTestArgs@1, org.springframework.boot.test.context.SpringBootTestWebEnvironment@0], contextLoader = 'org.springframework.boot.test.context.SpringBootContextLoader', parent = [null]], attributes = map[[empty]]], class annotated with @DirtiesContext [false] with mode [null].

  .   ____          _            __ _ _
 /\\ / ___'_ __ _ _(_)_ __  __ _ \ \ \ \
( ( )\___ | '_ | '_| | '_ \/ _` | \ \ \ \
 \\/  ___)| |_)| | | | | || (_| |  ) ) ) )
  '  |____| .__|_| |_|_| |_\__, | / / / /
 =========|_|==============|___/=/_/_/_/
 :: Spring Boot ::                (v2.6.3)

2022-03-13 16:57:52.280  INFO 3396 --- [    Test worker] ProductCompositeControllerTest           : Starting ProductCompositeControllerTest using Java 11.0.13 on Dracie-cu-Curent with PID 3396 (started by tanas in F:\HCL\POC\poc_repo\microservices\productCompositeService)
2022-03-13 16:57:52.281  INFO 3396 --- [    Test worker] ProductCompositeControllerTest           : No active profile set, falling back to default profiles: default
2022-03-13 16:57:53.857  INFO 3396 --- [    Test worker] h.p.p.i.ProductCompositeIntegration      : localhost:7001
2022-03-13 16:57:54.483  INFO 3396 --- [    Test worker] ProductCompositeControllerTest           : Started ProductCompositeControllerTest in 2.942 seconds (JVM running for 5.33)
]]></system-out>
  <system-err><![CDATA[]]></system-err>
</testsuite>
