<?xml version="1.0" encoding="UTF-8"?>
<testsuite name="ProductCompositeServiceTest" tests="5" skipped="0" failures="0" errors="0" timestamp="2022-03-12T12:20:57" hostname="DRACIE-CU-CUREN" time="0.036">
  <properties/>
  <testcase name="deleteProductCompositeTest()" classname="ProductCompositeServiceTest" time="0.009"/>
  <testcase name="addProductCompositeTest()" classname="ProductCompositeServiceTest" time="0.005"/>
  <testcase name="getProductCompositeTest()" classname="ProductCompositeServiceTest" time="0.006"/>
  <testcase name="getAllProductCompositeTest()" classname="ProductCompositeServiceTest" time="0.005"/>
  <testcase name="createProductAggregateTest()" classname="ProductCompositeServiceTest" time="0.004"/>
  <system-out><![CDATA[2022-03-12 14:20:56.371  INFO 7036 --- [    Test worker] o.s.t.c.s.DefaultTestContextBootstrapper : Loaded default TestExecutionListener class names from location [META-INF/spring.factories]: [org.springframework.boot.test.autoconfigure.restdocs.RestDocsTestExecutionListener, org.springframework.boot.test.autoconfigure.web.client.MockRestServiceServerResetTestExecutionListener, org.springframework.boot.test.autoconfigure.web.servlet.MockMvcPrintOnlyOnFailureTestExecutionListener, org.springframework.boot.test.autoconfigure.web.servlet.WebDriverTestExecutionListener, org.springframework.boot.test.autoconfigure.webservices.client.MockWebServiceServerTestExecutionListener, org.springframework.boot.test.mock.mockito.MockitoTestExecutionListener, org.springframework.boot.test.mock.mockito.ResetMocksTestExecutionListener, org.springframework.test.context.web.ServletTestExecutionListener, org.springframework.test.context.support.DirtiesContextBeforeModesTestExecutionListener, org.springframework.test.context.event.ApplicationEventsTestExecutionListener, org.springframework.test.context.support.DependencyInjectionTestExecutionListener, org.springframework.test.context.support.DirtiesContextTestExecutionListener, org.springframework.test.context.transaction.TransactionalTestExecutionListener, org.springframework.test.context.jdbc.SqlScriptsTestExecutionListener, org.springframework.test.context.event.EventPublishingTestExecutionListener]
2022-03-12 14:20:56.373  INFO 7036 --- [    Test worker] o.s.t.c.s.DefaultTestContextBootstrapper : Using TestExecutionListeners: [org.springframework.test.context.web.ServletTestExecutionListener@10f6fd03, org.springframework.test.context.support.DirtiesContextBeforeModesTestExecutionListener@26e1ed62, org.springframework.test.context.event.ApplicationEventsTestExecutionListener@3f06d094, org.springframework.boot.test.mock.mockito.MockitoTestExecutionListener@6d2bafc, org.springframework.test.context.support.DependencyInjectionTestExecutionListener@216b51c0, org.springframework.test.context.support.DirtiesContextTestExecutionListener@8c82272, org.springframework.test.context.event.EventPublishingTestExecutionListener@143d18f, org.springframework.boot.test.autoconfigure.restdocs.RestDocsTestExecutionListener@12558e01, org.springframework.boot.test.autoconfigure.web.client.MockRestServiceServerResetTestExecutionListener@69cb38da, org.springframework.boot.test.autoconfigure.web.servlet.MockMvcPrintOnlyOnFailureTestExecutionListener@20595c23, org.springframework.boot.test.autoconfigure.web.servlet.WebDriverTestExecutionListener@3f893e0e, org.springframework.boot.test.autoconfigure.webservices.client.MockWebServiceServerTestExecutionListener@1129a78, org.springframework.boot.test.mock.mockito.ResetMocksTestExecutionListener@312f6f68]
2022-03-12 14:20:57.580  INFO 7036 --- [    Test worker] h.p.p.service.ProductCompositeService    : returning productAggregate
2022-03-12 14:20:57.587  INFO 7036 --- [    Test worker] h.p.p.service.ProductCompositeService    : getProductComposite
2022-03-12 14:20:57.588  INFO 7036 --- [    Test worker] h.p.p.service.ProductCompositeService    : returning productAggregate
2022-03-12 14:20:57.594  INFO 7036 --- [    Test worker] h.p.p.service.ProductCompositeService    : returning productAggregate
2022-03-12 14:20:57.600  INFO 7036 --- [    Test worker] h.p.p.service.ProductCompositeService    : returning productAggregate
]]></system-out>
  <system-err><![CDATA[]]></system-err>
</testsuite>
