<?xml version="1.0" encoding="UTF-8"?>
<testsuite name="ProductCompositeServiceTest" tests="5" skipped="0" failures="0" errors="0" timestamp="2022-03-13T14:57:56" hostname="DRACIE-CU-CUREN" time="0.04">
  <properties/>
  <testcase name="deleteProductCompositeTest()" classname="ProductCompositeServiceTest" time="0.012"/>
  <testcase name="addProductCompositeTest()" classname="ProductCompositeServiceTest" time="0.008"/>
  <testcase name="getProductCompositeTest()" classname="ProductCompositeServiceTest" time="0.006"/>
  <testcase name="getAllProductCompositeTest()" classname="ProductCompositeServiceTest" time="0.005"/>
  <testcase name="createProductAggregateTest()" classname="ProductCompositeServiceTest" time="0.003"/>
  <system-out><![CDATA[2022-03-13 16:57:55.708  INFO 3396 --- [    Test worker] o.s.t.c.s.DefaultTestContextBootstrapper : Loaded default TestExecutionListener class names from location [META-INF/spring.factories]: [org.springframework.boot.test.autoconfigure.restdocs.RestDocsTestExecutionListener, org.springframework.boot.test.autoconfigure.web.client.MockRestServiceServerResetTestExecutionListener, org.springframework.boot.test.autoconfigure.web.servlet.MockMvcPrintOnlyOnFailureTestExecutionListener, org.springframework.boot.test.autoconfigure.web.servlet.WebDriverTestExecutionListener, org.springframework.boot.test.autoconfigure.webservices.client.MockWebServiceServerTestExecutionListener, org.springframework.boot.test.mock.mockito.MockitoTestExecutionListener, org.springframework.boot.test.mock.mockito.ResetMocksTestExecutionListener, org.springframework.test.context.web.ServletTestExecutionListener, org.springframework.test.context.support.DirtiesContextBeforeModesTestExecutionListener, org.springframework.test.context.event.ApplicationEventsTestExecutionListener, org.springframework.test.context.support.DependencyInjectionTestExecutionListener, org.springframework.test.context.support.DirtiesContextTestExecutionListener, org.springframework.test.context.transaction.TransactionalTestExecutionListener, org.springframework.test.context.jdbc.SqlScriptsTestExecutionListener, org.springframework.test.context.event.EventPublishingTestExecutionListener]
2022-03-13 16:57:55.709  INFO 3396 --- [    Test worker] o.s.t.c.s.DefaultTestContextBootstrapper : Using TestExecutionListeners: [org.springframework.test.context.web.ServletTestExecutionListener@1fad09cb, org.springframework.test.context.support.DirtiesContextBeforeModesTestExecutionListener@6f991cc8, org.springframework.test.context.event.ApplicationEventsTestExecutionListener@74188d06, org.springframework.boot.test.mock.mockito.MockitoTestExecutionListener@3330b8b7, org.springframework.test.context.support.DependencyInjectionTestExecutionListener@44240c4b, org.springframework.test.context.support.DirtiesContextTestExecutionListener@637c375b, org.springframework.test.context.event.EventPublishingTestExecutionListener@53bce68f, org.springframework.boot.test.autoconfigure.restdocs.RestDocsTestExecutionListener@65ff194f, org.springframework.boot.test.autoconfigure.web.client.MockRestServiceServerResetTestExecutionListener@15d17ef, org.springframework.boot.test.autoconfigure.web.servlet.MockMvcPrintOnlyOnFailureTestExecutionListener@3993e70, org.springframework.boot.test.autoconfigure.web.servlet.WebDriverTestExecutionListener@37a52812, org.springframework.boot.test.autoconfigure.webservices.client.MockWebServiceServerTestExecutionListener@2a8d6ac8, org.springframework.boot.test.mock.mockito.ResetMocksTestExecutionListener@4386f219]
ProductAggregate{id=1, name='milk', weight=20.55, recommendationList=[RecommendationDTO{product_id=1, recommendation_id=1, author='First Author', rate=3.75, content='This is the content'}, RecommendationDTO{product_id=1, recommendation_id=2, author='Second Author', rate=4.75, content='This is the content'}], reviewList=[ReviewDTO{review_id=1, product_id=1, author='First Author', subject='First Subject', content='The content'}, ReviewDTO{review_id=2, product_id=1, author='Second Author', subject='Second Subject', content='The content'}]}
2022-03-13 16:57:56.867  INFO 3396 --- [    Test worker] h.p.p.service.ProductCompositeService    : returning productAggregate
2022-03-13 16:57:56.874  INFO 3396 --- [    Test worker] h.p.p.service.ProductCompositeService    : getProductComposite
2022-03-13 16:57:56.875  INFO 3396 --- [    Test worker] h.p.p.service.ProductCompositeService    : returning productAggregate
2022-03-13 16:57:56.882  INFO 3396 --- [    Test worker] h.p.p.service.ProductCompositeService    : returning productAggregate
2022-03-13 16:57:56.886  INFO 3396 --- [    Test worker] h.p.p.service.ProductCompositeService    : returning productAggregate
]]></system-out>
  <system-err><![CDATA[]]></system-err>
</testsuite>
