<?xml version="1.0" encoding="UTF-8"?>
<testsuite name="ProductCompositeControllerTest" tests="4" skipped="0" failures="0" errors="0" timestamp="2022-03-12T12:20:55" hostname="DRACIE-CU-CUREN" time="0.468">
  <properties/>
  <testcase name="getProductByIDSuccess()" classname="ProductCompositeControllerTest" time="0.391"/>
  <testcase name="postProductSuccesss()" classname="ProductCompositeControllerTest" time="0.027"/>
  <testcase name="getAllProductsSuccess()" classname="ProductCompositeControllerTest" time="0.034"/>
  <testcase name="deleteProductSuccess()" classname="ProductCompositeControllerTest" time="0.01"/>
  <system-out><![CDATA[14:20:51.895 [Test worker] DEBUG org.springframework.test.context.BootstrapUtils - Instantiating CacheAwareContextLoaderDelegate from class [org.springframework.test.context.cache.DefaultCacheAwareContextLoaderDelegate]
14:20:51.924 [Test worker] DEBUG org.springframework.test.context.BootstrapUtils - Instantiating BootstrapContext using constructor [public org.springframework.test.context.support.DefaultBootstrapContext(java.lang.Class,org.springframework.test.context.CacheAwareContextLoaderDelegate)]
14:20:52.000 [Test worker] DEBUG org.springframework.test.context.BootstrapUtils - Instantiating TestContextBootstrapper for test class [ProductCompositeControllerTest] from class [org.springframework.boot.test.autoconfigure.web.reactive.WebFluxTestContextBootstrapper]
14:20:52.037 [Test worker] DEBUG org.springframework.test.context.support.AbstractContextLoader - Did not detect default resource location for test class [ProductCompositeControllerTest]: class path resource [ProductCompositeControllerTest-context.xml] does not exist
14:20:52.038 [Test worker] DEBUG org.springframework.test.context.support.AbstractContextLoader - Did not detect default resource location for test class [ProductCompositeControllerTest]: class path resource [ProductCompositeControllerTestContext.groovy] does not exist
14:20:52.038 [Test worker] INFO org.springframework.test.context.support.AbstractContextLoader - Could not detect default resource locations for test class [ProductCompositeControllerTest]: no resource found for suffixes {-context.xml, Context.groovy}.
14:20:52.170 [Test worker] DEBUG org.springframework.test.context.support.ActiveProfilesUtils - Could not find an 'annotation declaring class' for annotation type [org.springframework.test.context.ActiveProfiles] and class [ProductCompositeControllerTest]
14:20:52.199 [Test worker] DEBUG org.springframework.boot.test.autoconfigure.web.reactive.WebFluxTestContextBootstrapper - @TestExecutionListeners is not present for class [ProductCompositeControllerTest]: using defaults.
14:20:52.200 [Test worker] INFO org.springframework.boot.test.autoconfigure.web.reactive.WebFluxTestContextBootstrapper - Loaded default TestExecutionListener class names from location [META-INF/spring.factories]: [org.springframework.boot.test.autoconfigure.restdocs.RestDocsTestExecutionListener, org.springframework.boot.test.autoconfigure.web.client.MockRestServiceServerResetTestExecutionListener, org.springframework.boot.test.autoconfigure.web.servlet.MockMvcPrintOnlyOnFailureTestExecutionListener, org.springframework.boot.test.autoconfigure.web.servlet.WebDriverTestExecutionListener, org.springframework.boot.test.autoconfigure.webservices.client.MockWebServiceServerTestExecutionListener, org.springframework.boot.test.mock.mockito.MockitoTestExecutionListener, org.springframework.boot.test.mock.mockito.ResetMocksTestExecutionListener, org.springframework.test.context.web.ServletTestExecutionListener, org.springframework.test.context.support.DirtiesContextBeforeModesTestExecutionListener, org.springframework.test.context.event.ApplicationEventsTestExecutionListener, org.springframework.test.context.support.DependencyInjectionTestExecutionListener, org.springframework.test.context.support.DirtiesContextTestExecutionListener, org.springframework.test.context.transaction.TransactionalTestExecutionListener, org.springframework.test.context.jdbc.SqlScriptsTestExecutionListener, org.springframework.test.context.event.EventPublishingTestExecutionListener]
14:20:52.222 [Test worker] DEBUG org.springframework.boot.test.autoconfigure.web.reactive.WebFluxTestContextBootstrapper - Skipping candidate TestExecutionListener [org.springframework.test.context.transaction.TransactionalTestExecutionListener] due to a missing dependency. Specify custom listener classes or make the default listener classes and their required dependencies available. Offending class: [org/springframework/transaction/TransactionDefinition]
14:20:52.223 [Test worker] DEBUG org.springframework.boot.test.autoconfigure.web.reactive.WebFluxTestContextBootstrapper - Skipping candidate TestExecutionListener [org.springframework.test.context.jdbc.SqlScriptsTestExecutionListener] due to a missing dependency. Specify custom listener classes or make the default listener classes and their required dependencies available. Offending class: [org/springframework/transaction/interceptor/TransactionAttribute]
14:20:52.223 [Test worker] INFO org.springframework.boot.test.autoconfigure.web.reactive.WebFluxTestContextBootstrapper - Using TestExecutionListeners: [org.springframework.test.context.web.ServletTestExecutionListener@377c750f, org.springframework.test.context.support.DirtiesContextBeforeModesTestExecutionListener@78c6478c, org.springframework.test.context.event.ApplicationEventsTestExecutionListener@3b182580, org.springframework.boot.test.mock.mockito.MockitoTestExecutionListener@4398710d, org.springframework.boot.test.autoconfigure.SpringBootDependencyInjectionTestExecutionListener@1718a07c, org.springframework.test.context.support.DirtiesContextTestExecutionListener@5d287f34, org.springframework.test.context.event.EventPublishingTestExecutionListener@27667534, org.springframework.boot.test.autoconfigure.restdocs.RestDocsTestExecutionListener@27f668cc, org.springframework.boot.test.autoconfigure.web.client.MockRestServiceServerResetTestExecutionListener@753f370e, org.springframework.boot.test.autoconfigure.web.servlet.MockMvcPrintOnlyOnFailureTestExecutionListener@6b702742, org.springframework.boot.test.autoconfigure.web.servlet.WebDriverTestExecutionListener@7f2b30cd, org.springframework.boot.test.autoconfigure.webservices.client.MockWebServiceServerTestExecutionListener@6b0f97ec, org.springframework.boot.test.mock.mockito.ResetMocksTestExecutionListener@67845ac4]
14:20:52.230 [Test worker] DEBUG org.springframework.test.context.support.AbstractDirtiesContextTestExecutionListener - Before test class: context [DefaultTestContext@2cf81413 testClass = ProductCompositeControllerTest, testInstance = [null], testMethod = [null], testException = [null], mergedContextConfiguration = [ReactiveWebMergedContextConfiguration@30caa1ee testClass = ProductCompositeControllerTest, locations = '{}', classes = '{class hcl.poc.productcompositeservice.ProductCompositeServiceApplication}', contextInitializerClasses = '[]', activeProfiles = '{}', propertySourceLocations = '{}', propertySourceProperties = '{org.springframework.boot.test.autoconfigure.web.reactive.WebFluxTestContextBootstrapper=true}', contextCustomizers = set[org.springframework.boot.test.autoconfigure.OverrideAutoConfigurationContextCustomizerFactory$DisableAutoConfigurationContextCustomizer@40b0ef6b, org.springframework.boot.test.autoconfigure.actuate.metrics.MetricsExportContextCustomizerFactory$DisableMetricExportContextCustomizer@6106b04f, org.springframework.boot.test.autoconfigure.filter.TypeExcludeFiltersContextCustomizer@881977b, org.springframework.boot.test.autoconfigure.properties.PropertyMappingContextCustomizer@ad7d5026, org.springframework.boot.test.autoconfigure.web.servlet.WebDriverContextCustomizerFactory$Customizer@7064ea7b, [ImportsContextCustomizer@6b6a611 key = [org.springframework.boot.autoconfigure.cache.CacheAutoConfiguration, org.springframework.boot.autoconfigure.gson.GsonAutoConfiguration, org.springframework.boot.autoconfigure.jackson.JacksonAutoConfiguration, org.springframework.boot.autoconfigure.jsonb.JsonbAutoConfiguration, org.springframework.boot.autoconfigure.context.MessageSourceAutoConfiguration, org.springframework.boot.autoconfigure.freemarker.FreeMarkerAutoConfiguration, org.springframework.boot.autoconfigure.http.codec.CodecsAutoConfiguration, org.springframework.boot.autoconfigure.mustache.MustacheAutoConfiguration, org.springframework.boot.autoconfigure.thymeleaf.ThymeleafAutoConfiguration, org.springframework.boot.autoconfigure.validation.ValidationAutoConfiguration, org.springframework.boot.autoconfigure.web.reactive.WebFluxAutoConfiguration, org.springframework.boot.autoconfigure.web.reactive.error.ErrorWebFluxAutoConfiguration, org.springframework.boot.autoconfigure.security.oauth2.client.reactive.ReactiveOAuth2ClientAutoConfiguration, org.springframework.boot.autoconfigure.security.oauth2.resource.reactive.ReactiveOAuth2ResourceServerAutoConfiguration, org.springframework.boot.autoconfigure.security.reactive.ReactiveSecurityAutoConfiguration, org.springframework.boot.autoconfigure.security.reactive.ReactiveUserDetailsServiceAutoConfiguration, org.springframework.boot.test.autoconfigure.web.reactive.WebTestClientAutoConfiguration]], org.springframework.boot.test.context.filter.ExcludeFilterContextCustomizer@5f605fb5, org.springframework.boot.test.json.DuplicateJsonObjectContextCustomizerFactory$DuplicateJsonObjectContextCustomizer@1d4db447, org.springframework.boot.test.mock.mockito.MockitoContextCustomizer@b87c2bc7, org.springframework.boot.test.context.SpringBootTestArgs@1, org.springframework.boot.test.context.SpringBootTestWebEnvironment@0], contextLoader = 'org.springframework.boot.test.context.SpringBootContextLoader', parent = [null]], attributes = map[[empty]]], class annotated with @DirtiesContext [false] with mode [null].

  .   ____          _            __ _ _
 /\\ / ___'_ __ _ _(_)_ __  __ _ \ \ \ \
( ( )\___ | '_ | '_| | '_ \/ _` | \ \ \ \
 \\/  ___)| |_)| | | | | || (_| |  ) ) ) )
  '  |____| .__|_| |_|_| |_\__, | / / / /
 =========|_|==============|___/=/_/_/_/
 :: Spring Boot ::                (v2.6.3)

2022-03-12 14:20:53.029  INFO 7036 --- [    Test worker] ProductCompositeControllerTest           : Starting ProductCompositeControllerTest using Java 11.0.13 on Dracie-cu-Curent with PID 7036 (started by tanas in F:\HCL\POC\poc_repo\microservices\productCompositeService)
2022-03-12 14:20:53.030  INFO 7036 --- [    Test worker] ProductCompositeControllerTest           : No active profile set, falling back to default profiles: default
2022-03-12 14:20:55.144  INFO 7036 --- [    Test worker] ProductCompositeControllerTest           : Started ProductCompositeControllerTest in 2.817 seconds (JVM running for 5.155)
]]></system-out>
  <system-err><![CDATA[]]></system-err>
</testsuite>
