<?xml version="1.0" encoding="UTF-8"?>
<testsuite name="ProductControllerTest" tests="5" skipped="0" failures="0" errors="0" timestamp="2022-03-07T16:14:13" hostname="DRACIE-CU-CUREN" time="0.443">
  <properties/>
  <testcase name="deleteProduct_succes()" classname="ProductControllerTest" time="0.215"/>
  <testcase name="putProduct_succes()" classname="ProductControllerTest" time="0.163"/>
  <testcase name="getProductByID_success()" classname="ProductControllerTest" time="0.011"/>
  <testcase name="postProduct_successs()" classname="ProductControllerTest" time="0.011"/>
  <testcase name="getAllProducts_success()" classname="ProductControllerTest" time="0.035"/>
  <system-out><![CDATA[18:14:10.119 [Test worker] DEBUG org.springframework.test.context.BootstrapUtils - Instantiating CacheAwareContextLoaderDelegate from class [org.springframework.test.context.cache.DefaultCacheAwareContextLoaderDelegate]
18:14:10.151 [Test worker] DEBUG org.springframework.test.context.BootstrapUtils - Instantiating BootstrapContext using constructor [public org.springframework.test.context.support.DefaultBootstrapContext(java.lang.Class,org.springframework.test.context.CacheAwareContextLoaderDelegate)]
18:14:10.250 [Test worker] DEBUG org.springframework.test.context.BootstrapUtils - Instantiating TestContextBootstrapper for test class [ProductControllerTest] from class [org.springframework.boot.test.autoconfigure.web.reactive.WebFluxTestContextBootstrapper]
18:14:10.289 [Test worker] DEBUG org.springframework.test.context.support.AbstractContextLoader - Did not detect default resource location for test class [ProductControllerTest]: class path resource [ProductControllerTest-context.xml] does not exist
18:14:10.289 [Test worker] DEBUG org.springframework.test.context.support.AbstractContextLoader - Did not detect default resource location for test class [ProductControllerTest]: class path resource [ProductControllerTestContext.groovy] does not exist
18:14:10.290 [Test worker] INFO org.springframework.test.context.support.AbstractContextLoader - Could not detect default resource locations for test class [ProductControllerTest]: no resource found for suffixes {-context.xml, Context.groovy}.
18:14:10.453 [Test worker] DEBUG org.springframework.test.context.support.ActiveProfilesUtils - Could not find an 'annotation declaring class' for annotation type [org.springframework.test.context.ActiveProfiles] and class [ProductControllerTest]
18:14:10.505 [Test worker] DEBUG org.springframework.boot.test.autoconfigure.web.reactive.WebFluxTestContextBootstrapper - @TestExecutionListeners is not present for class [ProductControllerTest]: using defaults.
18:14:10.507 [Test worker] INFO org.springframework.boot.test.autoconfigure.web.reactive.WebFluxTestContextBootstrapper - Loaded default TestExecutionListener class names from location [META-INF/spring.factories]: [org.springframework.boot.test.autoconfigure.restdocs.RestDocsTestExecutionListener, org.springframework.boot.test.autoconfigure.web.client.MockRestServiceServerResetTestExecutionListener, org.springframework.boot.test.autoconfigure.web.servlet.MockMvcPrintOnlyOnFailureTestExecutionListener, org.springframework.boot.test.autoconfigure.web.servlet.WebDriverTestExecutionListener, org.springframework.boot.test.autoconfigure.webservices.client.MockWebServiceServerTestExecutionListener, org.springframework.boot.test.mock.mockito.MockitoTestExecutionListener, org.springframework.boot.test.mock.mockito.ResetMocksTestExecutionListener, org.springframework.test.context.web.ServletTestExecutionListener, org.springframework.test.context.support.DirtiesContextBeforeModesTestExecutionListener, org.springframework.test.context.event.ApplicationEventsTestExecutionListener, org.springframework.test.context.support.DependencyInjectionTestExecutionListener, org.springframework.test.context.support.DirtiesContextTestExecutionListener, org.springframework.test.context.transaction.TransactionalTestExecutionListener, org.springframework.test.context.jdbc.SqlScriptsTestExecutionListener, org.springframework.test.context.event.EventPublishingTestExecutionListener]
18:14:10.553 [Test worker] INFO org.springframework.boot.test.autoconfigure.web.reactive.WebFluxTestContextBootstrapper - Using TestExecutionListeners: [org.springframework.test.context.web.ServletTestExecutionListener@434a99de, org.springframework.test.context.support.DirtiesContextBeforeModesTestExecutionListener@671d7043, org.springframework.test.context.event.ApplicationEventsTestExecutionListener@788f61ae, org.springframework.boot.test.mock.mockito.MockitoTestExecutionListener@2a9112ab, org.springframework.boot.test.autoconfigure.SpringBootDependencyInjectionTestExecutionListener@3d02ea4e, org.springframework.test.context.support.DirtiesContextTestExecutionListener@31910ac5, org.springframework.test.context.transaction.TransactionalTestExecutionListener@32108f48, org.springframework.test.context.jdbc.SqlScriptsTestExecutionListener@1036d7eb, org.springframework.test.context.event.EventPublishingTestExecutionListener@3acc0f39, org.springframework.boot.test.autoconfigure.restdocs.RestDocsTestExecutionListener@332ed87, org.springframework.boot.test.autoconfigure.web.client.MockRestServiceServerResetTestExecutionListener@356e4866, org.springframework.boot.test.autoconfigure.web.servlet.MockMvcPrintOnlyOnFailureTestExecutionListener@13c148af, org.springframework.boot.test.autoconfigure.web.servlet.WebDriverTestExecutionListener@492e3829, org.springframework.boot.test.autoconfigure.webservices.client.MockWebServiceServerTestExecutionListener@5de4ba5e, org.springframework.boot.test.mock.mockito.ResetMocksTestExecutionListener@1a8ef4fc]
18:14:10.563 [Test worker] DEBUG org.springframework.test.context.support.AbstractDirtiesContextTestExecutionListener - Before test class: context [DefaultTestContext@65d730ff testClass = ProductControllerTest, testInstance = [null], testMethod = [null], testException = [null], mergedContextConfiguration = [ReactiveWebMergedContextConfiguration@53068fa0 testClass = ProductControllerTest, locations = '{}', classes = '{class hcl.poc.productservice.ProductServiceApplication}', contextInitializerClasses = '[]', activeProfiles = '{}', propertySourceLocations = '{}', propertySourceProperties = '{org.springframework.boot.test.autoconfigure.web.reactive.WebFluxTestContextBootstrapper=true}', contextCustomizers = set[org.springframework.boot.test.autoconfigure.OverrideAutoConfigurationContextCustomizerFactory$DisableAutoConfigurationContextCustomizer@2e8deee6, org.springframework.boot.test.autoconfigure.actuate.metrics.MetricsExportContextCustomizerFactory$DisableMetricExportContextCustomizer@275458b0, org.springframework.boot.test.autoconfigure.filter.TypeExcludeFiltersContextCustomizer@17aac0dc, org.springframework.boot.test.autoconfigure.properties.PropertyMappingContextCustomizer@9c4589c8, org.springframework.boot.test.autoconfigure.web.servlet.WebDriverContextCustomizerFactory$Customizer@1b7a29bd, [ImportsContextCustomizer@379e8eac key = [org.springframework.boot.autoconfigure.cache.CacheAutoConfiguration, org.springframework.boot.autoconfigure.gson.GsonAutoConfiguration, org.springframework.boot.autoconfigure.jackson.JacksonAutoConfiguration, org.springframework.boot.autoconfigure.jsonb.JsonbAutoConfiguration, org.springframework.boot.autoconfigure.context.MessageSourceAutoConfiguration, org.springframework.boot.autoconfigure.freemarker.FreeMarkerAutoConfiguration, org.springframework.boot.autoconfigure.http.codec.CodecsAutoConfiguration, org.springframework.boot.autoconfigure.mustache.MustacheAutoConfiguration, org.springframework.boot.autoconfigure.thymeleaf.ThymeleafAutoConfiguration, org.springframework.boot.autoconfigure.validation.ValidationAutoConfiguration, org.springframework.boot.autoconfigure.web.reactive.WebFluxAutoConfiguration, org.springframework.boot.autoconfigure.web.reactive.error.ErrorWebFluxAutoConfiguration, org.springframework.boot.autoconfigure.security.oauth2.client.reactive.ReactiveOAuth2ClientAutoConfiguration, org.springframework.boot.autoconfigure.security.oauth2.resource.reactive.ReactiveOAuth2ResourceServerAutoConfiguration, org.springframework.boot.autoconfigure.security.reactive.ReactiveSecurityAutoConfiguration, org.springframework.boot.autoconfigure.security.reactive.ReactiveUserDetailsServiceAutoConfiguration, org.springframework.boot.test.autoconfigure.web.reactive.WebTestClientAutoConfiguration]], org.springframework.boot.test.context.filter.ExcludeFilterContextCustomizer@7cbd0ca5, org.springframework.boot.test.json.DuplicateJsonObjectContextCustomizerFactory$DuplicateJsonObjectContextCustomizer@3dfb0b0e, org.springframework.boot.test.mock.mockito.MockitoContextCustomizer@2b117ea1, org.springframework.boot.test.context.SpringBootTestArgs@1, org.springframework.boot.test.context.SpringBootTestWebEnvironment@0], contextLoader = 'org.springframework.boot.test.context.SpringBootContextLoader', parent = [null]], attributes = map[[empty]]], class annotated with @DirtiesContext [false] with mode [null].

  .   ____          _            __ _ _
 /\\ / ___'_ __ _ _(_)_ __  __ _ \ \ \ \
( ( )\___ | '_ | '_| | '_ \/ _` | \ \ \ \
 \\/  ___)| |_)| | | | | || (_| |  ) ) ) )
  '  |____| .__|_| |_|_| |_\__, | / / / /
 =========|_|==============|___/=/_/_/_/
 :: Spring Boot ::                (v2.6.3)

2022-03-07 18:14:11.389  INFO 18508 --- [    Test worker] ProductControllerTest                    : Starting ProductControllerTest using Java 11.0.13 on Dracie-cu-Curent with PID 18508 (started by tanas in F:\HCL\POC\poc_repo\microservices\productService)
2022-03-07 18:14:11.391  INFO 18508 --- [    Test worker] ProductControllerTest                    : No active profile set, falling back to default profiles: default
2022-03-07 18:14:13.883  INFO 18508 --- [    Test worker] ProductControllerTest                    : Started ProductControllerTest in 3.2 seconds (JVM running for 5.587)
]]></system-out>
  <system-err><![CDATA[]]></system-err>
</testsuite>
